Collecting docling
  Using cached docling-2.65.0-py3-none-any.whl.metadata (11 kB)
Collecting pydantic<3.0.0,>=2.0.0 (from docling)
  Using cached pydantic-2.12.5-py3-none-any.whl.metadata (90 kB)
Collecting docling-core<3.0.0,>=2.50.1 (from docling-core[chunking]<3.0.0,>=2.50.1->docling)
  Using cached docling_core-2.57.0-py3-none-any.whl.metadata (7.8 kB)
Collecting docling-parse<5.0.0,>=4.7.0 (from docling)
  Using cached docling_parse-4.7.2-cp312-cp312-win_amd64.whl.metadata (10 kB)
Collecting docling-ibm-models<4,>=3.9.1 (from docling)
  Using cached docling_ibm_models-3.10.3-py3-none-any.whl.metadata (7.3 kB)
Collecting filetype<2.0.0,>=1.2.0 (from docling)
  Using cached filetype-1.2.0-py2.py3-none-any.whl.metadata (6.5 kB)
Collecting pypdfium2!=4.30.1,<5.0.0,>=4.30.0 (from docling)
  Using cached pypdfium2-4.30.0-py3-none-win_amd64.whl.metadata (48 kB)
Collecting pydantic-settings<3.0.0,>=2.3.0 (from docling)
  Using cached pydantic_settings-2.12.0-py3-none-any.whl.metadata (3.4 kB)
Collecting huggingface_hub<1,>=0.23 (from docling)
  Using cached huggingface_hub-0.36.0-py3-none-any.whl.metadata (14 kB)
Collecting requests<3.0.0,>=2.32.2 (from docling)
  Using cached requests-2.32.5-py3-none-any.whl.metadata (4.9 kB)
Collecting rapidocr<4.0.0,>=3.3 (from docling)
  Using cached rapidocr-3.4.5-py3-none-any.whl.metadata (1.5 kB)
Collecting certifi>=2024.7.4 (from docling)
  Using cached certifi-2025.11.12-py3-none-any.whl.metadata (2.5 kB)
Collecting rtree<2.0.0,>=1.3.0 (from docling)
  Using cached rtree-1.4.1-py3-none-win_amd64.whl.metadata (2.2 kB)
Collecting typer<0.20.0,>=0.12.5 (from docling)
  Using cached typer-0.19.2-py3-none-any.whl.metadata (16 kB)
Collecting python-docx<2.0.0,>=1.1.2 (from docling)
  Using cached python_docx-1.2.0-py3-none-any.whl.metadata (2.0 kB)
Collecting python-pptx<2.0.0,>=1.0.2 (from docling)
  Using cached python_pptx-1.0.2-py3-none-any.whl.metadata (2.5 kB)
Collecting beautifulsoup4<5.0.0,>=4.12.3 (from docling)
  Using cached beautifulsoup4-4.14.3-py3-none-any.whl.metadata (3.8 kB)
Collecting pandas<3.0.0,>=2.1.4 (from docling)
  Using cached pandas-2.3.3-cp312-cp312-win_amd64.whl.metadata (19 kB)
Collecting marko<3.0.0,>=2.1.2 (from docling)
  Using cached marko-2.2.1-py3-none-any.whl.metadata (4.5 kB)
Requirement already satisfied: openpyxl<4.0.0,>=3.1.5 in c:\python312\lib\site-packages (from docling) (3.1.5)
Collecting lxml<7.0.0,>=4.0.0 (from docling)
  Using cached lxml-6.0.2-cp312-cp312-win_amd64.whl.metadata (3.7 kB)
Collecting pillow<12.0.0,>=10.0.0 (from docling)
  Using cached pillow-11.3.0-cp312-cp312-win_amd64.whl.metadata (9.2 kB)
Collecting tqdm<5.0.0,>=4.65.0 (from docling)
  Using cached tqdm-4.67.1-py3-none-any.whl.metadata (57 kB)
Collecting pluggy<2.0.0,>=1.0.0 (from docling)
  Using cached pluggy-1.6.0-py3-none-any.whl.metadata (4.8 kB)
Collecting pylatexenc<3.0,>=2.10 (from docling)
  Using cached pylatexenc-2.10-py3-none-any.whl
Collecting scipy<2.0.0,>=1.6.0 (from docling)
  Using cached scipy-1.16.3-cp312-cp312-win_amd64.whl.metadata (60 kB)
Collecting accelerate<2,>=1.0.0 (from docling)
  Using cached accelerate-1.12.0-py3-none-any.whl.metadata (19 kB)
Collecting polyfactory>=2.22.2 (from docling)
  Using cached polyfactory-3.1.0-py3-none-any.whl.metadata (27 kB)
Collecting numpy>=1.17 (from accelerate<2,>=1.0.0->docling)
  Using cached numpy-2.3.5-cp312-cp312-win_amd64.whl.metadata (60 kB)
Collecting packaging>=20.0 (from accelerate<2,>=1.0.0->docling)
  Using cached packaging-25.0-py3-none-any.whl.metadata (3.3 kB)
Collecting psutil (from accelerate<2,>=1.0.0->docling)
  Using cached psutil-7.1.3-cp37-abi3-win_amd64.whl.metadata (23 kB)
Collecting pyyaml (from accelerate<2,>=1.0.0->docling)
  Using cached pyyaml-6.0.3-cp312-cp312-win_amd64.whl.metadata (2.4 kB)
Collecting torch>=2.0.0 (from accelerate<2,>=1.0.0->docling)
  Using cached torch-2.9.1-cp312-cp312-win_amd64.whl.metadata (30 kB)
Collecting safetensors>=0.4.3 (from accelerate<2,>=1.0.0->docling)
  Using cached safetensors-0.7.0-cp38-abi3-win_amd64.whl.metadata (4.2 kB)
Collecting soupsieve>=1.6.1 (from beautifulsoup4<5.0.0,>=4.12.3->docling)
  Using cached soupsieve-2.8.1-py3-none-any.whl.metadata (4.6 kB)
Collecting typing-extensions>=4.0.0 (from beautifulsoup4<5.0.0,>=4.12.3->docling)
  Using cached typing_extensions-4.15.0-py3-none-any.whl.metadata (3.3 kB)
Collecting jsonschema<5.0.0,>=4.16.0 (from docling-core<3.0.0,>=2.50.1->docling-core[chunking]<3.0.0,>=2.50.1->docling)
  Using cached jsonschema-4.25.1-py3-none-any.whl.metadata (7.6 kB)
Collecting jsonref<2.0.0,>=1.1.0 (from docling-core<3.0.0,>=2.50.1->docling-core[chunking]<3.0.0,>=2.50.1->docling)
  Using cached jsonref-1.1.0-py3-none-any.whl.metadata (2.7 kB)
Collecting tabulate<0.10.0,>=0.9.0 (from docling-core<3.0.0,>=2.50.1->docling-core[chunking]<3.0.0,>=2.50.1->docling)
  Using cached tabulate-0.9.0-py3-none-any.whl.metadata (34 kB)
Collecting latex2mathml<4.0.0,>=3.77.0 (from docling-core<3.0.0,>=2.50.1->docling-core[chunking]<3.0.0,>=2.50.1->docling)
  Using cached latex2mathml-3.78.1-py3-none-any.whl.metadata (15 kB)
Collecting semchunk<3.0.0,>=2.2.0 (from docling-core[chunking]<3.0.0,>=2.50.1->docling)
  Using cached semchunk-2.2.2-py3-none-any.whl.metadata (10 kB)
Collecting tree-sitter<1.0.0,>=0.23.2 (from docling-core[chunking]<3.0.0,>=2.50.1->docling)
  Using cached tree_sitter-0.25.2-cp312-cp312-win_amd64.whl.metadata (10 kB)
Collecting tree-sitter-python<1.0.0,>=0.23.6 (from docling-core[chunking]<3.0.0,>=2.50.1->docling)
  Using cached tree_sitter_python-0.25.0-cp310-abi3-win_amd64.whl.metadata (1.9 kB)
Collecting tree-sitter-c<1.0.0,>=0.23.4 (from docling-core[chunking]<3.0.0,>=2.50.1->docling)
  Using cached tree_sitter_c-0.24.1-cp310-abi3-win_amd64.whl.metadata (1.8 kB)
Collecting tree-sitter-java<1.0.0,>=0.23.5 (from docling-core[chunking]<3.0.0,>=2.50.1->docling)
  Using cached tree_sitter_java-0.23.5-cp39-abi3-win_amd64.whl.metadata (1.8 kB)
Collecting tree-sitter-javascript<1.0.0,>=0.23.1 (from docling-core[chunking]<3.0.0,>=2.50.1->docling)
  Using cached tree_sitter_javascript-0.25.0-cp310-abi3-win_amd64.whl.metadata (2.3 kB)
Collecting tree-sitter-typescript<1.0.0,>=0.23.2 (from docling-core[chunking]<3.0.0,>=2.50.1->docling)
  Using cached tree_sitter_typescript-0.23.2-cp39-abi3-win_amd64.whl.metadata (2.4 kB)
Collecting transformers<5.0.0,>=4.34.0 (from docling-core[chunking]<3.0.0,>=2.50.1->docling)
  Using cached transformers-4.57.3-py3-none-any.whl.metadata (43 kB)
Collecting torchvision<1,>=0 (from docling-ibm-models<4,>=3.9.1->docling)
  Using cached torchvision-0.24.1-cp312-cp312-win_amd64.whl.metadata (5.9 kB)
Collecting jsonlines<5.0.0,>=3.1.0 (from docling-ibm-models<4,>=3.9.1->docling)
  Using cached jsonlines-4.0.0-py3-none-any.whl.metadata (1.6 kB)
Requirement already satisfied: pywin32>=305 in c:\python312\lib\site-packages (from docling-parse<5.0.0,>=4.7.0->docling) (311)
Collecting filelock (from huggingface_hub<1,>=0.23->docling)
  Using cached filelock-3.20.1-py3-none-any.whl.metadata (2.1 kB)
Collecting fsspec>=2023.5.0 (from huggingface_hub<1,>=0.23->docling)
  Using cached fsspec-2025.12.0-py3-none-any.whl.metadata (10 kB)
Requirement already satisfied: et-xmlfile in c:\python312\lib\site-packages (from openpyxl<4.0.0,>=3.1.5->docling) (2.0.0)
Collecting python-dateutil>=2.8.2 (from pandas<3.0.0,>=2.1.4->docling)
  Using cached python_dateutil-2.9.0.post0-py2.py3-none-any.whl.metadata (8.4 kB)
Collecting pytz>=2020.1 (from pandas<3.0.0,>=2.1.4->docling)
  Using cached pytz-2025.2-py2.py3-none-any.whl.metadata (22 kB)
Collecting tzdata>=2022.7 (from pandas<3.0.0,>=2.1.4->docling)
  Using cached tzdata-2025.3-py2.py3-none-any.whl.metadata (1.4 kB)
Collecting faker>=5.0.0 (from polyfactory>=2.22.2->docling)
  Using cached faker-39.0.0-py3-none-any.whl.metadata (16 kB)
Collecting annotated-types>=0.6.0 (from pydantic<3.0.0,>=2.0.0->docling)
  Using cached annotated_types-0.7.0-py3-none-any.whl.metadata (15 kB)
Collecting pydantic-core==2.41.5 (from pydantic<3.0.0,>=2.0.0->docling)
  Using cached pydantic_core-2.41.5-cp312-cp312-win_amd64.whl.metadata (7.4 kB)
Collecting typing-inspection>=0.4.2 (from pydantic<3.0.0,>=2.0.0->docling)
  Using cached typing_inspection-0.4.2-py3-none-any.whl.metadata (2.6 kB)
Collecting python-dotenv>=0.21.0 (from pydantic-settings<3.0.0,>=2.3.0->docling)
  Using cached python_dotenv-1.2.1-py3-none-any.whl.metadata (25 kB)
Collecting XlsxWriter>=0.5.7 (from python-pptx<2.0.0,>=1.0.2->docling)
  Using cached xlsxwriter-3.2.9-py3-none-any.whl.metadata (2.7 kB)
Collecting pyclipper>=1.2.0 (from rapidocr<4.0.0,>=3.3->docling)
  Using cached pyclipper-1.4.0-cp312-cp312-win_amd64.whl.metadata (8.8 kB)
Collecting opencv_python>=4.5.1.48 (from rapidocr<4.0.0,>=3.3->docling)
  Using cached opencv_python-4.12.0.88-cp37-abi3-win_amd64.whl.metadata (19 kB)
Collecting six>=1.15.0 (from rapidocr<4.0.0,>=3.3->docling)
  Using cached six-1.17.0-py2.py3-none-any.whl.metadata (1.7 kB)
Collecting Shapely!=2.0.4,>=1.7.1 (from rapidocr<4.0.0,>=3.3->docling)
  Using cached shapely-2.1.2-cp312-cp312-win_amd64.whl.metadata (7.1 kB)
Collecting omegaconf (from rapidocr<4.0.0,>=3.3->docling)
  Using cached omegaconf-2.3.0-py3-none-any.whl.metadata (3.9 kB)
Collecting colorlog (from rapidocr<4.0.0,>=3.3->docling)
  Using cached colorlog-6.10.1-py3-none-any.whl.metadata (11 kB)
Collecting charset_normalizer<4,>=2 (from requests<3.0.0,>=2.32.2->docling)
  Using cached charset_normalizer-3.4.4-cp312-cp312-win_amd64.whl.metadata (38 kB)
Collecting idna<4,>=2.5 (from requests<3.0.0,>=2.32.2->docling)
  Using cached idna-3.11-py3-none-any.whl.metadata (8.4 kB)
Collecting urllib3<3,>=1.21.1 (from requests<3.0.0,>=2.32.2->docling)
  Using cached urllib3-2.6.2-py3-none-any.whl.metadata (6.6 kB)
Collecting colorama (from tqdm<5.0.0,>=4.65.0->docling)
  Using cached colorama-0.4.6-py2.py3-none-any.whl.metadata (17 kB)
Collecting click>=8.0.0 (from typer<0.20.0,>=0.12.5->docling)
  Using cached click-8.3.1-py3-none-any.whl.metadata (2.6 kB)
Collecting shellingham>=1.3.0 (from typer<0.20.0,>=0.12.5->docling)
  Using cached shellingham-1.5.4-py2.py3-none-any.whl.metadata (3.5 kB)
Collecting rich>=10.11.0 (from typer<0.20.0,>=0.12.5->docling)
  Using cached rich-14.2.0-py3-none-any.whl.metadata (18 kB)
Collecting attrs>=19.2.0 (from jsonlines<5.0.0,>=3.1.0->docling-ibm-models<4,>=3.9.1->docling)
  Using cached attrs-25.4.0-py3-none-any.whl.metadata (10 kB)
Collecting jsonschema-specifications>=2023.03.6 (from jsonschema<5.0.0,>=4.16.0->docling-core<3.0.0,>=2.50.1->docling-core[chunking]<3.0.0,>=2.50.1->docling)
  Using cached jsonschema_specifications-2025.9.1-py3-none-any.whl.metadata (2.9 kB)
Collecting referencing>=0.28.4 (from jsonschema<5.0.0,>=4.16.0->docling-core<3.0.0,>=2.50.1->docling-core[chunking]<3.0.0,>=2.50.1->docling)
  Using cached referencing-0.37.0-py3-none-any.whl.metadata (2.8 kB)
Collecting rpds-py>=0.7.1 (from jsonschema<5.0.0,>=4.16.0->docling-core<3.0.0,>=2.50.1->docling-core[chunking]<3.0.0,>=2.50.1->docling)
  Using cached rpds_py-0.30.0-cp312-cp312-win_amd64.whl.metadata (4.2 kB)
Collecting numpy>=1.17 (from accelerate<2,>=1.0.0->docling)
  Using cached numpy-2.2.6-cp312-cp312-win_amd64.whl.metadata (60 kB)
Collecting markdown-it-py>=2.2.0 (from rich>=10.11.0->typer<0.20.0,>=0.12.5->docling)
  Using cached markdown_it_py-4.0.0-py3-none-any.whl.metadata (7.3 kB)
Collecting pygments<3.0.0,>=2.13.0 (from rich>=10.11.0->typer<0.20.0,>=0.12.5->docling)
  Using cached pygments-2.19.2-py3-none-any.whl.metadata (2.5 kB)
Collecting mpire[dill] (from semchunk<3.0.0,>=2.2.0->docling-core[chunking]<3.0.0,>=2.50.1->docling)
  Using cached mpire-2.10.2-py3-none-any.whl.metadata (14 kB)
Collecting sympy>=1.13.3 (from torch>=2.0.0->accelerate<2,>=1.0.0->docling)
  Using cached sympy-1.14.0-py3-none-any.whl.metadata (12 kB)
Collecting networkx>=2.5.1 (from torch>=2.0.0->accelerate<2,>=1.0.0->docling)
  Using cached networkx-3.6.1-py3-none-any.whl.metadata (6.8 kB)
Collecting jinja2 (from torch>=2.0.0->accelerate<2,>=1.0.0->docling)
  Using cached jinja2-3.1.6-py3-none-any.whl.metadata (2.9 kB)
Collecting setuptools (from torch>=2.0.0->accelerate<2,>=1.0.0->docling)
  Using cached setuptools-80.9.0-py3-none-any.whl.metadata (6.6 kB)
Collecting regex!=2019.12.17 (from transformers<5.0.0,>=4.34.0->docling-core[chunking]<3.0.0,>=2.50.1->docling)
  Using cached regex-2025.11.3-cp312-cp312-win_amd64.whl.metadata (41 kB)
Collecting tokenizers<=0.23.0,>=0.22.0 (from transformers<5.0.0,>=4.34.0->docling-core[chunking]<3.0.0,>=2.50.1->docling)
  Using cached tokenizers-0.22.1-cp39-abi3-win_amd64.whl.metadata (6.9 kB)
Collecting antlr4-python3-runtime==4.9.* (from omegaconf->rapidocr<4.0.0,>=3.3->docling)
  Using cached antlr4_python3_runtime-4.9.3-py3-none-any.whl
Collecting mdurl~=0.1 (from markdown-it-py>=2.2.0->rich>=10.11.0->typer<0.20.0,>=0.12.5->docling)
  Using cached mdurl-0.1.2-py3-none-any.whl.metadata (1.6 kB)
Collecting mpmath<1.4,>=1.1.0 (from sympy>=1.13.3->torch>=2.0.0->accelerate<2,>=1.0.0->docling)
  Using cached mpmath-1.3.0-py3-none-any.whl.metadata (8.6 kB)
Collecting MarkupSafe>=2.0 (from jinja2->torch>=2.0.0->accelerate<2,>=1.0.0->docling)
  Using cached markupsafe-3.0.3-cp312-cp312-win_amd64.whl.metadata (2.8 kB)
Collecting multiprocess>=0.70.15 (from mpire[dill]->semchunk<3.0.0,>=2.2.0->docling-core[chunking]<3.0.0,>=2.50.1->docling)
  Using cached multiprocess-0.70.18-py312-none-any.whl.metadata (7.5 kB)
Collecting dill>=0.4.0 (from multiprocess>=0.70.15->mpire[dill]->semchunk<3.0.0,>=2.2.0->docling-core[chunking]<3.0.0,>=2.50.1->docling)
  Using cached dill-0.4.0-py3-none-any.whl.metadata (10 kB)
Using cached docling-2.65.0-py3-none-any.whl (275 kB)
Using cached accelerate-1.12.0-py3-none-any.whl (380 kB)
Using cached beautifulsoup4-4.14.3-py3-none-any.whl (107 kB)
Using cached certifi-2025.11.12-py3-none-any.whl (159 kB)
Using cached docling_core-2.57.0-py3-none-any.whl (223 kB)
Using cached docling_ibm_models-3.10.3-py3-none-any.whl (87 kB)
Using cached docling_parse-4.7.2-cp312-cp312-win_amd64.whl (16.1 MB)
Using cached filetype-1.2.0-py2.py3-none-any.whl (19 kB)
Using cached huggingface_hub-0.36.0-py3-none-any.whl (566 kB)
Using cached lxml-6.0.2-cp312-cp312-win_amd64.whl (4.0 MB)
Using cached marko-2.2.1-py3-none-any.whl (42 kB)
Using cached pandas-2.3.3-cp312-cp312-win_amd64.whl (11.0 MB)
Using cached pillow-11.3.0-cp312-cp312-win_amd64.whl (7.0 MB)
Using cached pluggy-1.6.0-py3-none-any.whl (20 kB)
Using cached polyfactory-3.1.0-py3-none-any.whl (61 kB)
Using cached pydantic-2.12.5-py3-none-any.whl (463 kB)
Using cached pydantic_core-2.41.5-cp312-cp312-win_amd64.whl (2.0 MB)
Using cached pydantic_settings-2.12.0-py3-none-any.whl (51 kB)
Using cached pypdfium2-4.30.0-py3-none-win_amd64.whl (2.9 MB)
Using cached python_docx-1.2.0-py3-none-any.whl (252 kB)
Using cached python_pptx-1.0.2-py3-none-any.whl (472 kB)
Using cached rapidocr-3.4.5-py3-none-any.whl (15.1 MB)
Using cached requests-2.32.5-py3-none-any.whl (64 kB)
Using cached rtree-1.4.1-py3-none-win_amd64.whl (389 kB)
Using cached scipy-1.16.3-cp312-cp312-win_amd64.whl (38.6 MB)
Using cached tqdm-4.67.1-py3-none-any.whl (78 kB)
Using cached typer-0.19.2-py3-none-any.whl (46 kB)
Using cached annotated_types-0.7.0-py3-none-any.whl (13 kB)
Using cached charset_normalizer-3.4.4-cp312-cp312-win_amd64.whl (107 kB)
Using cached click-8.3.1-py3-none-any.whl (108 kB)
Using cached faker-39.0.0-py3-none-any.whl (2.0 MB)
Using cached fsspec-2025.12.0-py3-none-any.whl (201 kB)
Using cached idna-3.11-py3-none-any.whl (71 kB)
Using cached jsonlines-4.0.0-py3-none-any.whl (8.7 kB)
Using cached jsonref-1.1.0-py3-none-any.whl (9.4 kB)
Using cached jsonschema-4.25.1-py3-none-any.whl (90 kB)
Using cached latex2mathml-3.78.1-py3-none-any.whl (73 kB)
Using cached opencv_python-4.12.0.88-cp37-abi3-win_amd64.whl (39.0 MB)
Using cached numpy-2.2.6-cp312-cp312-win_amd64.whl (12.6 MB)
Using cached packaging-25.0-py3-none-any.whl (66 kB)
Using cached pyclipper-1.4.0-cp312-cp312-win_amd64.whl (104 kB)
Using cached python_dateutil-2.9.0.post0-py2.py3-none-any.whl (229 kB)
Using cached python_dotenv-1.2.1-py3-none-any.whl (21 kB)
Using cached pytz-2025.2-py2.py3-none-any.whl (509 kB)
Using cached pyyaml-6.0.3-cp312-cp312-win_amd64.whl (154 kB)
Using cached rich-14.2.0-py3-none-any.whl (243 kB)
Using cached safetensors-0.7.0-cp38-abi3-win_amd64.whl (341 kB)
Using cached semchunk-2.2.2-py3-none-any.whl (10 kB)
Using cached shapely-2.1.2-cp312-cp312-win_amd64.whl (1.7 MB)
Using cached shellingham-1.5.4-py2.py3-none-any.whl (9.8 kB)
Using cached six-1.17.0-py2.py3-none-any.whl (11 kB)
Using cached soupsieve-2.8.1-py3-none-any.whl (36 kB)
Using cached tabulate-0.9.0-py3-none-any.whl (35 kB)
Using cached torch-2.9.1-cp312-cp312-win_amd64.whl (110.9 MB)
Using cached torchvision-0.24.1-cp312-cp312-win_amd64.whl (4.3 MB)
Using cached transformers-4.57.3-py3-none-any.whl (12.0 MB)
Using cached tree_sitter-0.25.2-cp312-cp312-win_amd64.whl (127 kB)
Using cached tree_sitter_c-0.24.1-cp310-abi3-win_amd64.whl (84 kB)
Using cached tree_sitter_java-0.23.5-cp39-abi3-win_amd64.whl (60 kB)
Using cached tree_sitter_javascript-0.25.0-cp310-abi3-win_amd64.whl (62 kB)
Using cached tree_sitter_python-0.25.0-cp310-abi3-win_amd64.whl (76 kB)
Using cached tree_sitter_typescript-0.23.2-cp39-abi3-win_amd64.whl (278 kB)
Using cached typing_extensions-4.15.0-py3-none-any.whl (44 kB)
Using cached typing_inspection-0.4.2-py3-none-any.whl (14 kB)
Using cached tzdata-2025.3-py2.py3-none-any.whl (348 kB)
Using cached urllib3-2.6.2-py3-none-any.whl (131 kB)
Using cached xlsxwriter-3.2.9-py3-none-any.whl (175 kB)
Using cached colorama-0.4.6-py2.py3-none-any.whl (25 kB)
Using cached colorlog-6.10.1-py3-none-any.whl (11 kB)
Using cached filelock-3.20.1-py3-none-any.whl (16 kB)
Using cached omegaconf-2.3.0-py3-none-any.whl (79 kB)
Using cached psutil-7.1.3-cp37-abi3-win_amd64.whl (247 kB)
Using cached attrs-25.4.0-py3-none-any.whl (67 kB)
Using cached jsonschema_specifications-2025.9.1-py3-none-any.whl (18 kB)
Using cached markdown_it_py-4.0.0-py3-none-any.whl (87 kB)
Using cached networkx-3.6.1-py3-none-any.whl (2.1 MB)
Using cached pygments-2.19.2-py3-none-any.whl (1.2 MB)
Using cached referencing-0.37.0-py3-none-any.whl (26 kB)
Using cached regex-2025.11.3-cp312-cp312-win_amd64.whl (277 kB)
Using cached rpds_py-0.30.0-cp312-cp312-win_amd64.whl (240 kB)
Using cached sympy-1.14.0-py3-none-any.whl (6.3 MB)
Using cached tokenizers-0.22.1-cp39-abi3-win_amd64.whl (2.7 MB)
Using cached jinja2-3.1.6-py3-none-any.whl (134 kB)
Using cached setuptools-80.9.0-py3-none-any.whl (1.2 MB)
Using cached markupsafe-3.0.3-cp312-cp312-win_amd64.whl (15 kB)
Using cached mdurl-0.1.2-py3-none-any.whl (10.0 kB)
Using cached mpmath-1.3.0-py3-none-any.whl (536 kB)
Using cached multiprocess-0.70.18-py312-none-any.whl (150 kB)
Using cached mpire-2.10.2-py3-none-any.whl (272 kB)
Using cached dill-0.4.0-py3-none-any.whl (119 kB)
Installing collected packages: pytz, pylatexenc, mpmath, filetype, antlr4-python3-runtime, XlsxWriter, urllib3, tzdata, typing-extensions, tree-sitter-typescript, tree-sitter-python, tree-sitter-javascript, tree-sitter-java, tree-sitter-c, tree-sitter, tabulate, sympy, soupsieve, six, shellingham, setuptools, safetensors, rtree, rpds-py, regex, pyyaml, python-dotenv, pypdfium2, pygments, pyclipper, psutil, pluggy, pillow, packaging, numpy, networkx, mdurl, MarkupSafe, marko, lxml, latex2mathml, jsonref, idna, fsspec, filelock, dill, colorama, charset_normalizer, certifi, attrs, annotated-types, typing-inspection, tqdm, Shapely, scipy, requests, referencing, python-pptx, python-docx, python-dateutil, pydantic-core, opencv_python, omegaconf, multiprocess, markdown-it-py, jsonlines, jinja2, faker, colorlog, click, beautifulsoup4, torch, rich, rapidocr, pydantic, polyfactory, pandas, mpire, jsonschema-specifications, huggingface_hub, typer, torchvision, tokenizers, pydantic-settings, jsonschema, accelerate, transformers, semchunk, docling-core, docling-parse, docling-ibm-models, docling
  WARNING: Failed to write executable - trying to use .deleteme logic
ERROR: Could not install packages due to an OSError: [WinError 2] The system cannot find the file specified: 'C:\\Python312\\Scripts\\latex2text.exe' -> 'C:\\Python312\\Scripts\\latex2text.exe.deleteme'


[notice] A new release of pip is available: 24.0 -> 25.3
[notice] To update, run: python.exe -m pip install --upgrade pip
